0 info it worked if it ends with ok
1 verbose cli [ '/usr/local/bin/node',
1 verbose cli   '/usr/local/bin/npm',
1 verbose cli   'install',
1 verbose cli   'express',
1 verbose cli   '—save' ]
2 info using npm@3.10.10
3 info using node@v6.11.2
4 silly loadCurrentTree Starting
5 silly install loadCurrentTree
6 silly install readLocalPackageData
7 silly fetchPackageMetaData express
8 silly fetchPackageMetaData —save
9 silly fetchNamedPackageData express
10 silly mapToRegistry name express
11 silly mapToRegistry using default registry
12 silly mapToRegistry registry https://registry.npmjs.org/
13 silly mapToRegistry data Result {
13 silly mapToRegistry   raw: 'express',
13 silly mapToRegistry   scope: null,
13 silly mapToRegistry   escapedName: 'express',
13 silly mapToRegistry   name: 'express',
13 silly mapToRegistry   rawSpec: '',
13 silly mapToRegistry   spec: 'latest',
13 silly mapToRegistry   type: 'tag' }
14 silly mapToRegistry uri https://registry.npmjs.org/express
15 silly fetchOtherPackageData —save
16 silly cache add args [ '—save', null ]
17 verbose cache add spec —save
18 silly cache add parsed spec Result {
18 silly cache add   raw: '—save',
18 silly cache add   scope: null,
18 silly cache add   escapedName: null,
18 silly cache add   name: null,
18 silly cache add   rawSpec: '—save',
18 silly cache add   spec: '/Users/klaralundgren/Documents/FRONTENDUTVECKLING/exarbete/—save',
18 silly cache add   type: 'local' }
19 error addLocal Could not install /Users/klaralundgren/Documents/FRONTENDUTVECKLING/exarbete/—save
20 silly fetchPackageMetaData Error: ENOENT: no such file or directory, open '/Users/klaralundgren/Documents/FRONTENDUTVECKLING/exarbete/—save'
20 silly fetchPackageMetaData     at Error (native)
20 silly fetchPackageMetaData  error for —save { Error: ENOENT: no such file or directory, open '/Users/klaralundgren/Documents/FRONTENDUTVECKLING/exarbete/—save'
20 silly fetchPackageMetaData     at Error (native)
20 silly fetchPackageMetaData   errno: -2,
20 silly fetchPackageMetaData   code: 'ENOENT',
20 silly fetchPackageMetaData   syscall: 'open',
20 silly fetchPackageMetaData   path: '/Users/klaralundgren/Documents/FRONTENDUTVECKLING/exarbete/—save' }
21 verbose request uri https://registry.npmjs.org/express
22 verbose request no auth needed
23 info attempt registry request try #1 at 14:05:28
24 verbose request id 22404bee4141f7cc
25 verbose etag "5a6c3c27-93d55"
26 verbose lastModified Sat, 27 Jan 2018 8:45:27 GMT
27 http request GET https://registry.npmjs.org/express
28 info retry will retry, error on last attempt: TypeError: The header content contains invalid characters
29 info attempt registry request try #2 at 14:05:38
30 verbose etag "5a6c3c27-93d55"
31 verbose lastModified Sat, 27 Jan 2018 8:45:27 GMT
32 http request GET https://registry.npmjs.org/express
33 info retry will retry, error on last attempt: TypeError: The header content contains invalid characters
34 info attempt registry request try #3 at 14:06:38
35 verbose etag "5a6c3c27-93d55"
36 verbose lastModified Sat, 27 Jan 2018 8:45:27 GMT
37 http request GET https://registry.npmjs.org/express
38 silly get cb [ 304, undefined ]
39 verbose etag https://registry.npmjs.org/express from cache
40 verbose get saving express to /Users/klaralundgren/.npm/registry.npmjs.org/express/.cache.json
41 verbose correctMkdir /Users/klaralundgren/.npm correctMkdir not in flight; initializing
42 silly rollbackFailedOptional Starting
43 silly rollbackFailedOptional Finishing
44 silly runTopLevelLifecycles Finishing
45 silly install printInstalled
46 verbose stack Error: ENOENT: no such file or directory, open '/Users/klaralundgren/Documents/FRONTENDUTVECKLING/exarbete/—save'
46 verbose stack     at Error (native)
47 verbose cwd /Users/klaralundgren/Documents/FRONTENDUTVECKLING/exarbete
48 error Darwin 16.7.0
49 error argv "/usr/local/bin/node" "/usr/local/bin/npm" "install" "express" "—save"
50 error node v6.11.2
51 error npm  v3.10.10
52 error path /Users/klaralundgren/Documents/FRONTENDUTVECKLING/exarbete/—save
53 error code ENOENT
54 error errno -2
55 error syscall open
56 error enoent ENOENT: no such file or directory, open '/Users/klaralundgren/Documents/FRONTENDUTVECKLING/exarbete/—save'
57 error enoent ENOENT: no such file or directory, open '/Users/klaralundgren/Documents/FRONTENDUTVECKLING/exarbete/—save'
57 error enoent This is most likely not a problem with npm itself
57 error enoent and is related to npm not being able to find a file.
58 verbose exit [ -2, true ]
